app/build/outputs/logs/manifest-merger-debug-report.txt
-- Merging decision tree log ---
manifest
ADDED from src\main\AndroidManifest.xml:2:1-29:12
INJECTED from src\main\AndroidManifest.xml:2:1-29:12
INJECTED from src\main\AndroidManifest.xml:2:1-29:12
INJECTED from src\main\AndroidManifest.xml:2:1-29:12
INJECTED from src\main\AndroidManifest.xml:2:1-29:12
INJECTED from src\main\AndroidManifest.xml:2:1-29:12
INJECTED from src\main\AndroidManifest.xml:2:1-29:12
	package
		ADDED from src\main\AndroidManifest.xml:3:7-44
		INJECTED from src\main\AndroidManifest.xml
		INJECTED from src\main\AndroidManifest.xml
	android:versionName
		ADDED from src\main\AndroidManifest.xml:5:7-32
		INJECTED from src\main\AndroidManifest.xml
		INJECTED from src\main\AndroidManifest.xml
	xmlns:android
		ADDED from src\main\AndroidManifest.xml:2:11-69
	android:versionCode
		ADDED from src\main\AndroidManifest.xml:4:7-30
		INJECTED from src\main\AndroidManifest.xml
		INJECTED from src\main\AndroidManifest.xml
	android:installLocation
		ADDED from src\main\AndroidManifest.xml:6:7-37
application
ADDED from src\main\AndroidManifest.xml:7:5-22:16
	android:label
		ADDED from src\main\AndroidManifest.xml:7:48-80
	android:icon
		ADDED from src\main\AndroidManifest.xml:7:18-47
activity#org.jfedor.nxtremotecontrol.NXTRemoteControl
ADDED from src\main\AndroidManifest.xml:8:9-15:20
	android:label
		ADDED from src\main\AndroidManifest.xml:9:19-51
	android:launchMode
		ADDED from src\main\AndroidManifest.xml:10:19-50
	android:configChanges
		ADDED from src\main\AndroidManifest.xml:9:52-102
	android:name
		ADDED from src\main\AndroidManifest.xml:8:19-51
intent-filter#android.intent.action.MAIN+android.intent.category.LAUNCHER
ADDED from src\main\AndroidManifest.xml:11:13-14:29
action#android.intent.action.MAIN
ADDED from src\main\AndroidManifest.xml:12:17-69
	android:name
		ADDED from src\main\AndroidManifest.xml:12:25-66
category#android.intent.category.LAUNCHER
ADDED from src\main\AndroidManifest.xml:13:17-77
	android:name
		ADDED from src\main\AndroidManifest.xml:13:27-74
activity#org.jfedor.nxtremotecontrol.ChooseDeviceActivity
ADDED from src\main\AndroidManifest.xml:17:6-18:17
	android:label
		ADDED from src\main\AndroidManifest.xml:17:104-133
	android:configChanges
		ADDED from src\main\AndroidManifest.xml:17:53-103
	android:theme
		ADDED from src\main\AndroidManifest.xml:17:134-177
	android:name
		ADDED from src\main\AndroidManifest.xml:17:16-52
activity#org.jfedor.nxtremotecontrol.SettingsActivity
ADDED from src\main\AndroidManifest.xml:20:6-21:17
	android:label
		ADDED from src\main\AndroidManifest.xml:20:49-73
	android:theme
		ADDED from src\main\AndroidManifest.xml:20:74-117
	android:name
		ADDED from src\main\AndroidManifest.xml:20:16-48
uses-permission#android.permission.BLUETOOTH_ADMIN
ADDED from src\main\AndroidManifest.xml:24:5-74
	android:name
		ADDED from src\main\AndroidManifest.xml:24:22-71
uses-permission#android.permission.BLUETOOTH
ADDED from src\main\AndroidManifest.xml:25:5-68
	android:name
		ADDED from src\main\AndroidManifest.xml:25:22-65
uses-permission#android.permission.WAKE_LOCK
ADDED from src\main\AndroidManifest.xml:26:5-68
	android:name
		ADDED from src\main\AndroidManifest.xml:26:22-65
uses-sdk
ADDED from src\main\AndroidManifest.xml:28:2-79
INJECTED from src\main\AndroidManifest.xml:28:2-79
INJECTED from src\main\AndroidManifest.xml:28:2-79
INJECTED from src\main\AndroidManifest.xml:28:2-79
INJECTED from src\main\AndroidManifest.xml:28:2-79
	android:targetSdkVersion
		ADDED from src\main\AndroidManifest.xml:28:38-67
		INJECTED from src\main\AndroidManifest.xml
		INJECTED from src\main\AndroidManifest.xml
	android:minSdkVersion
		ADDED from src\main\AndroidManifest.xml:28:12-37
		INJECTED from src\main\AndroidManifest.xml
		INJECTED from src\main\AndroidManifest.xml